2025-09-05 20:31:02 | INFO | utils_Megan:50 | Logger loaded.
2025-09-05 20:34:17 | INFO | utils_Megan:50 | Logger loaded.
2025-09-05 20:34:37 | INFO | utils_Megan:50 | Logger loaded.
2025-09-05 20:34:37 | INFO | __main__:40 | Logger loaded.
2025-09-05 20:34:37.397 | INFO     | __main__:<module>:40 - Logger loaded.
2025-09-05 20:35:49 | INFO | utils_Megan:50 | Logger loaded.
2025-09-05 20:35:49 | INFO | __main__:40 | Logger loaded.
2025-09-05 20:35:49.766 | INFO     | __main__:<module>:40 - Logger loaded.
2025-09-05 20:36:52 | INFO | utils_Megan:50 | Logger loaded.
2025-09-05 20:36:52 | INFO | __main__:40 | Logger loaded.
2025-09-05 20:36:52.921 | INFO     | __main__:<module>:40 - Logger loaded.
2025-09-05 20:38:04 | INFO | utils_Megan:50 | Logger loaded.
2025-09-05 20:38:04 | INFO | __main__:40 | Logger loaded.
2025-09-05 20:38:04.131 | INFO     | __main__:<module>:40 - Logger loaded.
2025-09-05 20:43:49 | INFO | utils_Megan:50 | Logger loaded.
2025-09-05 20:43:49 | INFO | __main__:40 | Logger loaded.
2025-09-05 20:43:49.912 | INFO     | __main__:<module>:40 - Logger loaded.
2025-09-05 20:45:53 | INFO | utils_Megan:50 | Logger loaded.
2025-09-05 20:45:53 | INFO | __main__:40 | Logger loaded.
2025-09-05 20:45:53.602 | INFO     | __main__:<module>:40 - Logger loaded.
2025-09-05 20:46:15 | INFO | utils_Megan:50 | Logger loaded.
2025-09-05 20:46:15 | INFO | __main__:40 | Logger loaded.
2025-09-05 20:46:15.344 | INFO     | __main__:<module>:40 - Logger loaded.
2025-09-05 20:46:15 | INFO | __main__:79 | Created folder: C:\Repos\datafun-02-automation\2020
2025-09-05 20:46:15.345 | INFO     | __main__:<module>:79 - Created folder: C:\Repos\datafun-02-automation\2020
2025-09-05 20:46:15 | INFO | __main__:79 | Created folder: C:\Repos\datafun-02-automation\2021
2025-09-05 20:46:15.346 | INFO     | __main__:<module>:79 - Created folder: C:\Repos\datafun-02-automation\2021
2025-09-05 20:46:15 | INFO | __main__:79 | Created folder: C:\Repos\datafun-02-automation\2022
2025-09-05 20:46:15.347 | INFO     | __main__:<module>:79 - Created folder: C:\Repos\datafun-02-automation\2022
2025-09-05 20:46:15 | INFO | __main__:79 | Created folder: C:\Repos\datafun-02-automation\2023
2025-09-05 20:46:15.348 | INFO     | __main__:<module>:79 - Created folder: C:\Repos\datafun-02-automation\2023
2025-09-05 20:57:02 | INFO | utils_Megan:50 | Logger loaded.
2025-09-05 20:57:02 | INFO | __main__:40 | Logger loaded.
2025-09-05 20:57:02.842 | INFO     | __main__:<module>:40 - Logger loaded.
2025-09-05 20:57:02 | INFO | __main__:77 | Created folder: C:\Repos\datafun-02-automation\2020
2025-09-05 20:57:02.843 | INFO     | __main__:<module>:77 - Created folder: C:\Repos\datafun-02-automation\2020
2025-09-05 20:57:02 | INFO | __main__:77 | Created folder: C:\Repos\datafun-02-automation\2021
2025-09-05 20:57:02.844 | INFO     | __main__:<module>:77 - Created folder: C:\Repos\datafun-02-automation\2021
2025-09-05 20:57:02 | INFO | __main__:77 | Created folder: C:\Repos\datafun-02-automation\2022
2025-09-05 20:57:02.845 | INFO     | __main__:<module>:77 - Created folder: C:\Repos\datafun-02-automation\2022
2025-09-05 20:57:02 | INFO | __main__:77 | Created folder: C:\Repos\datafun-02-automation\2023
2025-09-05 20:57:02.846 | INFO     | __main__:<module>:77 - Created folder: C:\Repos\datafun-02-automation\2023
2025-09-05 20:58:40 | INFO | utils_Megan:50 | Logger loaded.
2025-09-05 20:58:40 | INFO | __main__:40 | Logger loaded.
2025-09-05 20:58:40.323 | INFO     | __main__:<module>:40 - Logger loaded.
2025-09-05 20:58:40 | INFO | __main__:77 | Created folder: C:\Repos\datafun-02-automation\2020
2025-09-05 20:58:40.323 | INFO     | __main__:<module>:77 - Created folder: C:\Repos\datafun-02-automation\2020
2025-09-05 20:58:40 | INFO | __main__:77 | Created folder: C:\Repos\datafun-02-automation\2021
2025-09-05 20:58:40.324 | INFO     | __main__:<module>:77 - Created folder: C:\Repos\datafun-02-automation\2021
2025-09-05 20:58:40 | INFO | __main__:77 | Created folder: C:\Repos\datafun-02-automation\2022
2025-09-05 20:58:40.325 | INFO     | __main__:<module>:77 - Created folder: C:\Repos\datafun-02-automation\2022
2025-09-05 20:58:40 | INFO | __main__:77 | Created folder: C:\Repos\datafun-02-automation\2023
2025-09-05 20:58:40.326 | INFO     | __main__:<module>:77 - Created folder: C:\Repos\datafun-02-automation\2023
2025-09-05 21:00:11 | INFO | utils_Megan:50 | Logger loaded.
2025-09-05 21:00:11 | INFO | __main__:40 | Logger loaded.
2025-09-05 21:00:11.363 | INFO     | __main__:<module>:40 - Logger loaded.
2025-09-05 21:00:11 | INFO | __main__:77 | Created folder: C:\Repos\datafun-02-automation\2020
2025-09-05 21:00:11.364 | INFO     | __main__:<module>:77 - Created folder: C:\Repos\datafun-02-automation\2020
2025-09-05 21:00:11 | INFO | __main__:77 | Created folder: C:\Repos\datafun-02-automation\2021
2025-09-05 21:00:11.365 | INFO     | __main__:<module>:77 - Created folder: C:\Repos\datafun-02-automation\2021
2025-09-05 21:00:11 | INFO | __main__:77 | Created folder: C:\Repos\datafun-02-automation\2022
2025-09-05 21:00:11.365 | INFO     | __main__:<module>:77 - Created folder: C:\Repos\datafun-02-automation\2022
2025-09-05 21:00:11 | INFO | __main__:77 | Created folder: C:\Repos\datafun-02-automation\2023
2025-09-05 21:00:11.366 | INFO     | __main__:<module>:77 - Created folder: C:\Repos\datafun-02-automation\2023
2025-09-05 21:00:25 | INFO | utils_Megan:50 | Logger loaded.
2025-09-05 21:00:25 | INFO | __main__:40 | Logger loaded.
2025-09-05 21:00:25.173 | INFO     | __main__:<module>:40 - Logger loaded.
2025-09-05 21:00:25 | INFO | __main__:77 | Created folder: C:\Repos\datafun-02-automation\2020
2025-09-05 21:00:25.174 | INFO     | __main__:<module>:77 - Created folder: C:\Repos\datafun-02-automation\2020
2025-09-05 21:00:25 | INFO | __main__:77 | Created folder: C:\Repos\datafun-02-automation\2021
2025-09-05 21:00:25.174 | INFO     | __main__:<module>:77 - Created folder: C:\Repos\datafun-02-automation\2021
2025-09-05 21:00:25 | INFO | __main__:77 | Created folder: C:\Repos\datafun-02-automation\2022
2025-09-05 21:00:25.175 | INFO     | __main__:<module>:77 - Created folder: C:\Repos\datafun-02-automation\2022
2025-09-05 21:00:25 | INFO | __main__:77 | Created folder: C:\Repos\datafun-02-automation\2023
2025-09-05 21:00:25.176 | INFO     | __main__:<module>:77 - Created folder: C:\Repos\datafun-02-automation\2023
2025-09-05 21:00:25 | INFO | __main__:192 | #####################################
2025-09-05 21:00:25.177 | INFO     | __main__:main:192 - #####################################
2025-09-05 21:00:25 | INFO | __main__:193 | # Starting execution of main()
2025-09-05 21:00:25.178 | INFO     | __main__:main:193 - # Starting execution of main()
2025-09-05 21:00:25 | INFO | __main__:194 | #####################################

2025-09-05 21:00:25.178 | INFO     | __main__:main:194 - #####################################

2025-09-05 21:01:25 | INFO | utils_Megan:50 | Logger loaded.
2025-09-05 21:01:25 | INFO | __main__:40 | Logger loaded.
2025-09-05 21:01:25.617 | INFO     | __main__:<module>:40 - Logger loaded.
2025-09-05 21:01:25 | INFO | __main__:77 | Created folder: C:\Repos\datafun-02-automation\2020
2025-09-05 21:01:25.618 | INFO     | __main__:<module>:77 - Created folder: C:\Repos\datafun-02-automation\2020
2025-09-05 21:01:25 | INFO | __main__:77 | Created folder: C:\Repos\datafun-02-automation\2021
2025-09-05 21:01:25.618 | INFO     | __main__:<module>:77 - Created folder: C:\Repos\datafun-02-automation\2021
2025-09-05 21:01:25 | INFO | __main__:77 | Created folder: C:\Repos\datafun-02-automation\2022
2025-09-05 21:01:25.619 | INFO     | __main__:<module>:77 - Created folder: C:\Repos\datafun-02-automation\2022
2025-09-05 21:01:25 | INFO | __main__:77 | Created folder: C:\Repos\datafun-02-automation\2023
2025-09-05 21:01:25.620 | INFO     | __main__:<module>:77 - Created folder: C:\Repos\datafun-02-automation\2023
2025-09-05 21:01:25 | INFO | __main__:192 | #####################################
2025-09-05 21:01:25.621 | INFO     | __main__:main:192 - #####################################
2025-09-05 21:01:25 | INFO | __main__:193 | # Starting execution of main()
2025-09-05 21:01:25.621 | INFO     | __main__:main:193 - # Starting execution of main()
2025-09-05 21:01:25 | INFO | __main__:194 | #####################################

2025-09-05 21:01:25.622 | INFO     | __main__:main:194 - #####################################

2025-09-05 21:01:25 | INFO | __main__:197 | Byline: 
**********************************************************
Spondiferous Analytics — Project Header
**********************************************************
Author:                     Megan Chastain
Motto:                      Embrace the Unplanned.
Years Active:               5
Location:                  Columbia, Missouri
Office Locations:           ['Salem, Maine', 'Beloit, Wisconsin', 'Seattle, Washington'] (Total: 3)
Number of Employees:        25
Accepting New Clients?:     True
Remote Workshops?:          True
Services:                   ['Data Analysis', 'Machine Learning', 'Business Intelligence']
Client Satisfaction Scores: [4.8, 4.6, 4.9, 5.0, 4.7]
Minimum Satisfaction Score: 4.6
Maximum Satisfaction Score: 5.0
Mean Satisfaction Score:    4.80
     Standard Deviation:    0.16
**********************************************************

2025-09-05 21:01:25.623 | INFO     | __main__:main:197 - Byline: 
**********************************************************
Spondiferous Analytics — Project Header
**********************************************************
Author:                     Megan Chastain
Motto:                      Embrace the Unplanned.
Years Active:               5
Location:                  Columbia, Missouri
Office Locations:           ['Salem, Maine', 'Beloit, Wisconsin', 'Seattle, Washington'] (Total: 3)
Number of Employees:        25
Accepting New Clients?:     True
Remote Workshops?:          True
Services:                   ['Data Analysis', 'Machine Learning', 'Business Intelligence']
Client Satisfaction Scores: [4.8, 4.6, 4.9, 5.0, 4.7]
Minimum Satisfaction Score: 4.6
Maximum Satisfaction Score: 5.0
Mean Satisfaction Score:    4.80
     Standard Deviation:    0.16
**********************************************************

2025-09-05 21:02:13 | INFO | utils_Megan:50 | Logger loaded.
2025-09-05 21:02:13 | INFO | __main__:40 | Logger loaded.
2025-09-05 21:02:13.619 | INFO     | __main__:<module>:40 - Logger loaded.
2025-09-05 21:02:13 | INFO | __main__:77 | Created folder: C:\Repos\datafun-02-automation\2020
2025-09-05 21:02:13.620 | INFO     | __main__:<module>:77 - Created folder: C:\Repos\datafun-02-automation\2020
2025-09-05 21:02:13 | INFO | __main__:77 | Created folder: C:\Repos\datafun-02-automation\2021
2025-09-05 21:02:13.621 | INFO     | __main__:<module>:77 - Created folder: C:\Repos\datafun-02-automation\2021
2025-09-05 21:02:13 | INFO | __main__:77 | Created folder: C:\Repos\datafun-02-automation\2022
2025-09-05 21:02:13.622 | INFO     | __main__:<module>:77 - Created folder: C:\Repos\datafun-02-automation\2022
2025-09-05 21:02:13 | INFO | __main__:77 | Created folder: C:\Repos\datafun-02-automation\2023
2025-09-05 21:02:13.622 | INFO     | __main__:<module>:77 - Created folder: C:\Repos\datafun-02-automation\2023
2025-09-05 21:02:13 | INFO | __main__:192 | #####################################
2025-09-05 21:02:13.623 | INFO     | __main__:main:192 - #####################################
2025-09-05 21:02:13 | INFO | __main__:193 | # Starting execution of main()
2025-09-05 21:02:13.624 | INFO     | __main__:main:193 - # Starting execution of main()
2025-09-05 21:02:13 | INFO | __main__:194 | #####################################

2025-09-05 21:02:13.624 | INFO     | __main__:main:194 - #####################################

2025-09-05 21:02:13 | INFO | __main__:197 | Byline: 
**********************************************************
Spondiferous Analytics — Project Header
**********************************************************
Author:                     Megan Chastain
Motto:                      Embrace the Unplanned.
Years Active:               5
Location:                  Columbia, Missouri
Office Locations:           ['Salem, Maine', 'Beloit, Wisconsin', 'Seattle, Washington'] (Total: 3)
Number of Employees:        25
Accepting New Clients?:     True
Remote Workshops?:          True
Services:                   ['Data Analysis', 'Machine Learning', 'Business Intelligence']
Client Satisfaction Scores: [4.8, 4.6, 4.9, 5.0, 4.7]
Minimum Satisfaction Score: 4.6
Maximum Satisfaction Score: 5.0
Mean Satisfaction Score:    4.80
     Standard Deviation:    0.16
**********************************************************

2025-09-05 21:02:13.625 | INFO     | __main__:main:197 - Byline: 
**********************************************************
Spondiferous Analytics — Project Header
**********************************************************
Author:                     Megan Chastain
Motto:                      Embrace the Unplanned.
Years Active:               5
Location:                  Columbia, Missouri
Office Locations:           ['Salem, Maine', 'Beloit, Wisconsin', 'Seattle, Washington'] (Total: 3)
Number of Employees:        25
Accepting New Clients?:     True
Remote Workshops?:          True
Services:                   ['Data Analysis', 'Machine Learning', 'Business Intelligence']
Client Satisfaction Scores: [4.8, 4.6, 4.9, 5.0, 4.7]
Minimum Satisfaction Score: 4.6
Maximum Satisfaction Score: 5.0
Mean Satisfaction Score:    4.80
     Standard Deviation:    0.16
**********************************************************

2025-09-05 21:04:04 | INFO | utils_Megan:50 | Logger loaded.
2025-09-05 21:04:04 | INFO | __main__:40 | Logger loaded.
2025-09-05 21:04:04.074 | INFO     | __main__:<module>:40 - Logger loaded.
2025-09-05 21:04:04 | INFO | __main__:77 | Created folder: C:\Repos\datafun-02-automation\2020
2025-09-05 21:04:04.075 | INFO     | __main__:<module>:77 - Created folder: C:\Repos\datafun-02-automation\2020
2025-09-05 21:04:04 | INFO | __main__:77 | Created folder: C:\Repos\datafun-02-automation\2021
2025-09-05 21:04:04.076 | INFO     | __main__:<module>:77 - Created folder: C:\Repos\datafun-02-automation\2021
2025-09-05 21:04:04 | INFO | __main__:77 | Created folder: C:\Repos\datafun-02-automation\2022
2025-09-05 21:04:04.077 | INFO     | __main__:<module>:77 - Created folder: C:\Repos\datafun-02-automation\2022
2025-09-05 21:04:04 | INFO | __main__:77 | Created folder: C:\Repos\datafun-02-automation\2023
2025-09-05 21:04:04.077 | INFO     | __main__:<module>:77 - Created folder: C:\Repos\datafun-02-automation\2023
2025-09-05 21:04:04 | INFO | __main__:192 | #####################################
2025-09-05 21:04:04.078 | INFO     | __main__:main:192 - #####################################
2025-09-05 21:04:04 | INFO | __main__:193 | # Starting execution of main()
2025-09-05 21:04:04.078 | INFO     | __main__:main:193 - # Starting execution of main()
2025-09-05 21:04:04 | INFO | __main__:194 | #####################################

2025-09-05 21:04:04.079 | INFO     | __main__:main:194 - #####################################

2025-09-05 21:04:04 | INFO | __main__:197 | Byline: 
**********************************************************
Spondiferous Analytics — Project Header
**********************************************************
Author:                     Megan Chastain
Motto:                      Embrace the Unplanned.
Years Active:               5
Location:                  Columbia, Missouri
Office Locations:           ['Salem, Maine', 'Beloit, Wisconsin', 'Seattle, Washington'] (Total: 3)
Number of Employees:        25
Accepting New Clients?:     True
Remote Workshops?:          True
Services:                   ['Data Analysis', 'Machine Learning', 'Business Intelligence']
Client Satisfaction Scores: [4.8, 4.6, 4.9, 5.0, 4.7]
Minimum Satisfaction Score: 4.6
Maximum Satisfaction Score: 5.0
Mean Satisfaction Score:    4.80
     Standard Deviation:    0.16
**********************************************************

2025-09-05 21:04:04.080 | INFO     | __main__:main:197 - Byline: 
**********************************************************
Spondiferous Analytics — Project Header
**********************************************************
Author:                     Megan Chastain
Motto:                      Embrace the Unplanned.
Years Active:               5
Location:                  Columbia, Missouri
Office Locations:           ['Salem, Maine', 'Beloit, Wisconsin', 'Seattle, Washington'] (Total: 3)
Number of Employees:        25
Accepting New Clients?:     True
Remote Workshops?:          True
Services:                   ['Data Analysis', 'Machine Learning', 'Business Intelligence']
Client Satisfaction Scores: [4.8, 4.6, 4.9, 5.0, 4.7]
Minimum Satisfaction Score: 4.6
Maximum Satisfaction Score: 5.0
Mean Satisfaction Score:    4.80
     Standard Deviation:    0.16
**********************************************************

2025-09-05 21:04:23 | INFO | utils_Megan:50 | Logger loaded.
2025-09-05 21:04:23 | INFO | __main__:40 | Logger loaded.
2025-09-05 21:04:23.040 | INFO     | __main__:<module>:40 - Logger loaded.
2025-09-05 21:04:23 | INFO | __main__:77 | Created folder: C:\Repos\datafun-02-automation\2020
2025-09-05 21:04:23.040 | INFO     | __main__:<module>:77 - Created folder: C:\Repos\datafun-02-automation\2020
2025-09-05 21:04:23 | INFO | __main__:77 | Created folder: C:\Repos\datafun-02-automation\2021
2025-09-05 21:04:23.041 | INFO     | __main__:<module>:77 - Created folder: C:\Repos\datafun-02-automation\2021
2025-09-05 21:04:23 | INFO | __main__:77 | Created folder: C:\Repos\datafun-02-automation\2022
2025-09-05 21:04:23.042 | INFO     | __main__:<module>:77 - Created folder: C:\Repos\datafun-02-automation\2022
2025-09-05 21:04:23 | INFO | __main__:77 | Created folder: C:\Repos\datafun-02-automation\2023
2025-09-05 21:04:23.043 | INFO     | __main__:<module>:77 - Created folder: C:\Repos\datafun-02-automation\2023
2025-09-05 21:04:23 | INFO | __main__:192 | #####################################
2025-09-05 21:04:23.043 | INFO     | __main__:main:192 - #####################################
2025-09-05 21:04:23 | INFO | __main__:193 | # Starting execution of main()
2025-09-05 21:04:23.044 | INFO     | __main__:main:193 - # Starting execution of main()
2025-09-05 21:04:23 | INFO | __main__:194 | #####################################

2025-09-05 21:04:23.045 | INFO     | __main__:main:194 - #####################################

2025-09-05 21:04:23 | INFO | __main__:197 | Byline: 
**********************************************************
Spondiferous Analytics — Project Header
**********************************************************
Author:                     Megan Chastain
Motto:                      Embrace the Unplanned.
Years Active:               5
Location:                  Columbia, Missouri
Office Locations:           ['Salem, Maine', 'Beloit, Wisconsin', 'Seattle, Washington'] (Total: 3)
Number of Employees:        25
Accepting New Clients?:     True
Remote Workshops?:          True
Services:                   ['Data Analysis', 'Machine Learning', 'Business Intelligence']
Client Satisfaction Scores: [4.8, 4.6, 4.9, 5.0, 4.7]
Minimum Satisfaction Score: 4.6
Maximum Satisfaction Score: 5.0
Mean Satisfaction Score:    4.80
     Standard Deviation:    0.16
**********************************************************

2025-09-05 21:04:23.045 | INFO     | __main__:main:197 - Byline: 
**********************************************************
Spondiferous Analytics — Project Header
**********************************************************
Author:                     Megan Chastain
Motto:                      Embrace the Unplanned.
Years Active:               5
Location:                  Columbia, Missouri
Office Locations:           ['Salem, Maine', 'Beloit, Wisconsin', 'Seattle, Washington'] (Total: 3)
Number of Employees:        25
Accepting New Clients?:     True
Remote Workshops?:          True
Services:                   ['Data Analysis', 'Machine Learning', 'Business Intelligence']
Client Satisfaction Scores: [4.8, 4.6, 4.9, 5.0, 4.7]
Minimum Satisfaction Score: 4.6
Maximum Satisfaction Score: 5.0
Mean Satisfaction Score:    4.80
     Standard Deviation:    0.16
**********************************************************

2025-09-05 21:04:57 | INFO | utils_Megan:50 | Logger loaded.
2025-09-05 21:04:57 | INFO | __main__:40 | Logger loaded.
2025-09-05 21:04:57.012 | INFO     | __main__:<module>:40 - Logger loaded.
2025-09-05 21:06:10 | INFO | utils_Megan:50 | Logger loaded.
2025-09-05 21:06:10 | INFO | __main__:40 | Logger loaded.
2025-09-05 21:06:10.058 | INFO     | __main__:<module>:40 - Logger loaded.
2025-09-05 21:06:33 | INFO | utils_Megan:50 | Logger loaded.
2025-09-05 21:06:33 | INFO | __main__:40 | Logger loaded.
2025-09-05 21:06:33.535 | INFO     | __main__:<module>:40 - Logger loaded.
2025-09-05 21:06:33 | INFO | __main__:77 | Created folder: C:\Repos\datafun-02-automation\2020
2025-09-05 21:06:33.536 | INFO     | __main__:<module>:77 - Created folder: C:\Repos\datafun-02-automation\2020
2025-09-05 21:06:33 | INFO | __main__:77 | Created folder: C:\Repos\datafun-02-automation\2021
2025-09-05 21:06:33.537 | INFO     | __main__:<module>:77 - Created folder: C:\Repos\datafun-02-automation\2021
2025-09-05 21:06:33 | INFO | __main__:77 | Created folder: C:\Repos\datafun-02-automation\2022
2025-09-05 21:06:33.537 | INFO     | __main__:<module>:77 - Created folder: C:\Repos\datafun-02-automation\2022
2025-09-05 21:06:33 | INFO | __main__:77 | Created folder: C:\Repos\datafun-02-automation\2023
2025-09-05 21:06:33.538 | INFO     | __main__:<module>:77 - Created folder: C:\Repos\datafun-02-automation\2023
2025-09-05 21:06:33 | INFO | __main__:192 | #####################################
2025-09-05 21:06:33.539 | INFO     | __main__:main:192 - #####################################
2025-09-05 21:06:33 | INFO | __main__:193 | # Starting execution of main()
2025-09-05 21:06:33.539 | INFO     | __main__:main:193 - # Starting execution of main()
2025-09-05 21:06:33 | INFO | __main__:194 | #####################################

2025-09-05 21:06:33.540 | INFO     | __main__:main:194 - #####################################

2025-09-05 21:06:33 | INFO | __main__:197 | Byline: 
**********************************************************
Spondiferous Analytics — Project Header
**********************************************************
Author:                     Megan Chastain
Motto:                      Embrace the Unplanned.
Years Active:               5
Location:                  Columbia, Missouri
Office Locations:           ['Salem, Maine', 'Beloit, Wisconsin', 'Seattle, Washington'] (Total: 3)
Number of Employees:        25
Accepting New Clients?:     True
Remote Workshops?:          True
Services:                   ['Data Analysis', 'Machine Learning', 'Business Intelligence']
Client Satisfaction Scores: [4.8, 4.6, 4.9, 5.0, 4.7]
Minimum Satisfaction Score: 4.6
Maximum Satisfaction Score: 5.0
Mean Satisfaction Score:    4.80
     Standard Deviation:    0.16
**********************************************************

2025-09-05 21:06:33.541 | INFO     | __main__:main:197 - Byline: 
**********************************************************
Spondiferous Analytics — Project Header
**********************************************************
Author:                     Megan Chastain
Motto:                      Embrace the Unplanned.
Years Active:               5
Location:                  Columbia, Missouri
Office Locations:           ['Salem, Maine', 'Beloit, Wisconsin', 'Seattle, Washington'] (Total: 3)
Number of Employees:        25
Accepting New Clients?:     True
Remote Workshops?:          True
Services:                   ['Data Analysis', 'Machine Learning', 'Business Intelligence']
Client Satisfaction Scores: [4.8, 4.6, 4.9, 5.0, 4.7]
Minimum Satisfaction Score: 4.6
Maximum Satisfaction Score: 5.0
Mean Satisfaction Score:    4.80
     Standard Deviation:    0.16
**********************************************************

2025-09-05 21:10:30 | INFO | utils_Megan:50 | Logger loaded.
2025-09-05 21:10:30 | INFO | __main__:40 | Logger loaded.
2025-09-05 21:10:30.683 | INFO     | __main__:<module>:40 - Logger loaded.
2025-09-05 21:10:30 | INFO | __main__:78 | Created folder: C:\Repos\datafun-02-automation\2020
2025-09-05 21:10:30.683 | INFO     | __main__:<module>:78 - Created folder: C:\Repos\datafun-02-automation\2020
2025-09-05 21:10:30 | INFO | __main__:78 | Created folder: C:\Repos\datafun-02-automation\2021
2025-09-05 21:10:30.684 | INFO     | __main__:<module>:78 - Created folder: C:\Repos\datafun-02-automation\2021
2025-09-05 21:10:30 | INFO | __main__:78 | Created folder: C:\Repos\datafun-02-automation\2022
2025-09-05 21:10:30.685 | INFO     | __main__:<module>:78 - Created folder: C:\Repos\datafun-02-automation\2022
2025-09-05 21:10:30 | INFO | __main__:78 | Created folder: C:\Repos\datafun-02-automation\2023
2025-09-05 21:10:30.686 | INFO     | __main__:<module>:78 - Created folder: C:\Repos\datafun-02-automation\2023
2025-09-05 21:10:30 | INFO | __main__:193 | #####################################
2025-09-05 21:10:30.686 | INFO     | __main__:main:193 - #####################################
2025-09-05 21:10:30 | INFO | __main__:194 | # Starting execution of main()
2025-09-05 21:10:30.687 | INFO     | __main__:main:194 - # Starting execution of main()
2025-09-05 21:10:30 | INFO | __main__:195 | #####################################

2025-09-05 21:10:30.688 | INFO     | __main__:main:195 - #####################################

2025-09-05 21:10:30 | INFO | __main__:198 | Byline: 
**********************************************************
Spondiferous Analytics — Project Header
**********************************************************
Author:                     Megan Chastain
Motto:                      Embrace the Unplanned.
Years Active:               5
Location:                  Columbia, Missouri
Office Locations:           ['Salem, Maine', 'Beloit, Wisconsin', 'Seattle, Washington'] (Total: 3)
Number of Employees:        25
Accepting New Clients?:     True
Remote Workshops?:          True
Services:                   ['Data Analysis', 'Machine Learning', 'Business Intelligence']
Client Satisfaction Scores: [4.8, 4.6, 4.9, 5.0, 4.7]
Minimum Satisfaction Score: 4.6
Maximum Satisfaction Score: 5.0
Mean Satisfaction Score:    4.80
     Standard Deviation:    0.16
**********************************************************

2025-09-05 21:10:30.688 | INFO     | __main__:main:198 - Byline: 
**********************************************************
Spondiferous Analytics — Project Header
**********************************************************
Author:                     Megan Chastain
Motto:                      Embrace the Unplanned.
Years Active:               5
Location:                  Columbia, Missouri
Office Locations:           ['Salem, Maine', 'Beloit, Wisconsin', 'Seattle, Washington'] (Total: 3)
Number of Employees:        25
Accepting New Clients?:     True
Remote Workshops?:          True
Services:                   ['Data Analysis', 'Machine Learning', 'Business Intelligence']
Client Satisfaction Scores: [4.8, 4.6, 4.9, 5.0, 4.7]
Minimum Satisfaction Score: 4.6
Maximum Satisfaction Score: 5.0
Mean Satisfaction Score:    4.80
     Standard Deviation:    0.16
**********************************************************

2025-09-05 21:10:47 | INFO | utils_Megan:50 | Logger loaded.
2025-09-05 21:10:47 | INFO | __main__:40 | Logger loaded.
2025-09-05 21:10:47.106 | INFO     | __main__:<module>:40 - Logger loaded.
2025-09-05 21:10:47 | INFO | __main__:78 | Created folder: C:\Repos\datafun-02-automation\2020
2025-09-05 21:10:47.106 | INFO     | __main__:<module>:78 - Created folder: C:\Repos\datafun-02-automation\2020
2025-09-05 21:10:47 | INFO | __main__:78 | Created folder: C:\Repos\datafun-02-automation\2021
2025-09-05 21:10:47.107 | INFO     | __main__:<module>:78 - Created folder: C:\Repos\datafun-02-automation\2021
2025-09-05 21:10:47 | INFO | __main__:78 | Created folder: C:\Repos\datafun-02-automation\2022
2025-09-05 21:10:47.108 | INFO     | __main__:<module>:78 - Created folder: C:\Repos\datafun-02-automation\2022
2025-09-05 21:10:47 | INFO | __main__:78 | Created folder: C:\Repos\datafun-02-automation\2023
2025-09-05 21:10:47.109 | INFO     | __main__:<module>:78 - Created folder: C:\Repos\datafun-02-automation\2023
2025-09-05 21:10:47 | INFO | __main__:193 | #####################################
2025-09-05 21:10:47.110 | INFO     | __main__:main:193 - #####################################
2025-09-05 21:10:47 | INFO | __main__:194 | # Starting execution of main()
2025-09-05 21:10:47.110 | INFO     | __main__:main:194 - # Starting execution of main()
2025-09-05 21:10:47 | INFO | __main__:195 | #####################################

2025-09-05 21:10:47.111 | INFO     | __main__:main:195 - #####################################

2025-09-05 21:10:47 | INFO | __main__:198 | Byline: 
**********************************************************
Spondiferous Analytics — Project Header
**********************************************************
Author:                     Megan Chastain
Motto:                      Embrace the Unplanned.
Years Active:               5
Location:                  Columbia, Missouri
Office Locations:           ['Salem, Maine', 'Beloit, Wisconsin', 'Seattle, Washington'] (Total: 3)
Number of Employees:        25
Accepting New Clients?:     True
Remote Workshops?:          True
Services:                   ['Data Analysis', 'Machine Learning', 'Business Intelligence']
Client Satisfaction Scores: [4.8, 4.6, 4.9, 5.0, 4.7]
Minimum Satisfaction Score: 4.6
Maximum Satisfaction Score: 5.0
Mean Satisfaction Score:    4.80
     Standard Deviation:    0.16
**********************************************************

2025-09-05 21:10:47.112 | INFO     | __main__:main:198 - Byline: 
**********************************************************
Spondiferous Analytics — Project Header
**********************************************************
Author:                     Megan Chastain
Motto:                      Embrace the Unplanned.
Years Active:               5
Location:                  Columbia, Missouri
Office Locations:           ['Salem, Maine', 'Beloit, Wisconsin', 'Seattle, Washington'] (Total: 3)
Number of Employees:        25
Accepting New Clients?:     True
Remote Workshops?:          True
Services:                   ['Data Analysis', 'Machine Learning', 'Business Intelligence']
Client Satisfaction Scores: [4.8, 4.6, 4.9, 5.0, 4.7]
Minimum Satisfaction Score: 4.6
Maximum Satisfaction Score: 5.0
Mean Satisfaction Score:    4.80
     Standard Deviation:    0.16
**********************************************************

2025-09-05 21:12:13 | INFO | utils_Megan:50 | Logger loaded.
2025-09-05 21:12:13 | INFO | __main__:40 | Logger loaded.
2025-09-05 21:12:13.831 | INFO     | __main__:<module>:40 - Logger loaded.
2025-09-05 21:12:13 | INFO | __main__:78 | Created folder: C:\Repos\datafun-02-automation\2020
2025-09-05 21:12:13.832 | INFO     | __main__:<module>:78 - Created folder: C:\Repos\datafun-02-automation\2020
2025-09-05 21:12:13 | INFO | __main__:78 | Created folder: C:\Repos\datafun-02-automation\2021
2025-09-05 21:12:13.833 | INFO     | __main__:<module>:78 - Created folder: C:\Repos\datafun-02-automation\2021
2025-09-05 21:12:13 | INFO | __main__:78 | Created folder: C:\Repos\datafun-02-automation\2022
2025-09-05 21:12:13.834 | INFO     | __main__:<module>:78 - Created folder: C:\Repos\datafun-02-automation\2022
2025-09-05 21:12:13 | INFO | __main__:78 | Created folder: C:\Repos\datafun-02-automation\2023
2025-09-05 21:12:13.834 | INFO     | __main__:<module>:78 - Created folder: C:\Repos\datafun-02-automation\2023
2025-09-05 21:12:13 | INFO | __main__:196 | #####################################
2025-09-05 21:12:13.835 | INFO     | __main__:main:196 - #####################################
2025-09-05 21:12:13 | INFO | __main__:197 | # Starting execution of main()
2025-09-05 21:12:13.836 | INFO     | __main__:main:197 - # Starting execution of main()
2025-09-05 21:12:13 | INFO | __main__:198 | #####################################

2025-09-05 21:12:13.836 | INFO     | __main__:main:198 - #####################################

2025-09-05 21:12:13 | INFO | __main__:201 | Byline: 
**********************************************************
Spondiferous Analytics — Project Header
**********************************************************
Author:                     Megan Chastain
Motto:                      Embrace the Unplanned.
Years Active:               5
Location:                  Columbia, Missouri
Office Locations:           ['Salem, Maine', 'Beloit, Wisconsin', 'Seattle, Washington'] (Total: 3)
Number of Employees:        25
Accepting New Clients?:     True
Remote Workshops?:          True
Services:                   ['Data Analysis', 'Machine Learning', 'Business Intelligence']
Client Satisfaction Scores: [4.8, 4.6, 4.9, 5.0, 4.7]
Minimum Satisfaction Score: 4.6
Maximum Satisfaction Score: 5.0
Mean Satisfaction Score:    4.80
     Standard Deviation:    0.16
**********************************************************

2025-09-05 21:12:13.837 | INFO     | __main__:main:201 - Byline: 
**********************************************************
Spondiferous Analytics — Project Header
**********************************************************
Author:                     Megan Chastain
Motto:                      Embrace the Unplanned.
Years Active:               5
Location:                  Columbia, Missouri
Office Locations:           ['Salem, Maine', 'Beloit, Wisconsin', 'Seattle, Washington'] (Total: 3)
Number of Employees:        25
Accepting New Clients?:     True
Remote Workshops?:          True
Services:                   ['Data Analysis', 'Machine Learning', 'Business Intelligence']
Client Satisfaction Scores: [4.8, 4.6, 4.9, 5.0, 4.7]
Minimum Satisfaction Score: 4.6
Maximum Satisfaction Score: 5.0
Mean Satisfaction Score:    4.80
     Standard Deviation:    0.16
**********************************************************

2025-09-05 21:14:23 | INFO | utils_Megan:50 | Logger loaded.
2025-09-05 21:14:23 | INFO | __main__:40 | Logger loaded.
2025-09-05 21:14:23.395 | INFO     | __main__:<module>:40 - Logger loaded.
2025-09-05 21:14:23 | INFO | __main__:78 | Created folder: C:\Repos\datafun-02-automation\2020
2025-09-05 21:14:23.396 | INFO     | __main__:<module>:78 - Created folder: C:\Repos\datafun-02-automation\2020
2025-09-05 21:14:23 | INFO | __main__:78 | Created folder: C:\Repos\datafun-02-automation\2021
2025-09-05 21:14:23.396 | INFO     | __main__:<module>:78 - Created folder: C:\Repos\datafun-02-automation\2021
2025-09-05 21:14:23 | INFO | __main__:78 | Created folder: C:\Repos\datafun-02-automation\2022
2025-09-05 21:14:23.397 | INFO     | __main__:<module>:78 - Created folder: C:\Repos\datafun-02-automation\2022
2025-09-05 21:14:23 | INFO | __main__:78 | Created folder: C:\Repos\datafun-02-automation\2023
2025-09-05 21:14:23.398 | INFO     | __main__:<module>:78 - Created folder: C:\Repos\datafun-02-automation\2023
2025-09-05 21:14:23 | INFO | __main__:199 | #####################################
2025-09-05 21:14:23.398 | INFO     | __main__:main:199 - #####################################
2025-09-05 21:14:23 | INFO | __main__:200 | # Starting execution of main()
2025-09-05 21:14:23.399 | INFO     | __main__:main:200 - # Starting execution of main()
2025-09-05 21:14:23 | INFO | __main__:201 | #####################################

2025-09-05 21:14:23.400 | INFO     | __main__:main:201 - #####################################

2025-09-05 21:14:23 | INFO | __main__:204 | Byline: 
**********************************************************
Spondiferous Analytics — Project Header
**********************************************************
Author:                     Megan Chastain
Motto:                      Embrace the Unplanned.
Years Active:               5
Location:                  Columbia, Missouri
Office Locations:           ['Salem, Maine', 'Beloit, Wisconsin', 'Seattle, Washington'] (Total: 3)
Number of Employees:        25
Accepting New Clients?:     True
Remote Workshops?:          True
Services:                   ['Data Analysis', 'Machine Learning', 'Business Intelligence']
Client Satisfaction Scores: [4.8, 4.6, 4.9, 5.0, 4.7]
Minimum Satisfaction Score: 4.6
Maximum Satisfaction Score: 5.0
Mean Satisfaction Score:    4.80
     Standard Deviation:    0.16
**********************************************************

2025-09-05 21:14:23.400 | INFO     | __main__:main:204 - Byline: 
**********************************************************
Spondiferous Analytics — Project Header
**********************************************************
Author:                     Megan Chastain
Motto:                      Embrace the Unplanned.
Years Active:               5
Location:                  Columbia, Missouri
Office Locations:           ['Salem, Maine', 'Beloit, Wisconsin', 'Seattle, Washington'] (Total: 3)
Number of Employees:        25
Accepting New Clients?:     True
Remote Workshops?:          True
Services:                   ['Data Analysis', 'Machine Learning', 'Business Intelligence']
Client Satisfaction Scores: [4.8, 4.6, 4.9, 5.0, 4.7]
Minimum Satisfaction Score: 4.6
Maximum Satisfaction Score: 5.0
Mean Satisfaction Score:    4.80
     Standard Deviation:    0.16
**********************************************************

2025-09-05 21:14:23 | INFO | __main__:188 | Created folder: C:\Repos\datafun-02-automation\2020
2025-09-05 21:14:23.404 | INFO     | __main__:create_folders_for_range:188 - Created folder: C:\Repos\datafun-02-automation\2020
2025-09-05 21:14:23 | INFO | __main__:188 | Created folder: C:\Repos\datafun-02-automation\2021
2025-09-05 21:14:23.404 | INFO     | __main__:create_folders_for_range:188 - Created folder: C:\Repos\datafun-02-automation\2021
2025-09-05 21:14:23 | INFO | __main__:188 | Created folder: C:\Repos\datafun-02-automation\2022
2025-09-05 21:14:23.405 | INFO     | __main__:create_folders_for_range:188 - Created folder: C:\Repos\datafun-02-automation\2022
2025-09-05 21:14:23 | INFO | __main__:188 | Created folder: C:\Repos\datafun-02-automation\2023
2025-09-05 21:14:23.406 | INFO     | __main__:create_folders_for_range:188 - Created folder: C:\Repos\datafun-02-automation\2023
2025-09-05 21:14:23 | INFO | __main__:96 | FUNCTION: create_folders_from_list()
2025-09-05 21:14:23.406 | INFO     | __main__:create_folders_from_list:96 - FUNCTION: create_folders_from_list()
2025-09-05 21:14:23 | INFO | __main__:97 | PARAMETER: folder_list = ['data-csv', 'data-excel', 'data-json']
2025-09-05 21:14:23.407 | INFO     | __main__:create_folders_from_list:97 - PARAMETER: folder_list = ['data-csv', 'data-excel', 'data-json']
2025-09-05 21:17:17 | INFO | utils_Megan:50 | Logger loaded.
2025-09-05 21:17:17 | INFO | __main__:40 | Logger loaded.
2025-09-05 21:17:17.703 | INFO     | __main__:<module>:40 - Logger loaded.
2025-09-05 21:17:17 | INFO | __main__:78 | Created folder: C:\Repos\datafun-02-automation\2020
2025-09-05 21:17:17.704 | INFO     | __main__:<module>:78 - Created folder: C:\Repos\datafun-02-automation\2020
2025-09-05 21:17:17 | INFO | __main__:78 | Created folder: C:\Repos\datafun-02-automation\2021
2025-09-05 21:17:17.705 | INFO     | __main__:<module>:78 - Created folder: C:\Repos\datafun-02-automation\2021
2025-09-05 21:17:17 | INFO | __main__:78 | Created folder: C:\Repos\datafun-02-automation\2022
2025-09-05 21:17:17.706 | INFO     | __main__:<module>:78 - Created folder: C:\Repos\datafun-02-automation\2022
2025-09-05 21:17:17 | INFO | __main__:78 | Created folder: C:\Repos\datafun-02-automation\2023
2025-09-05 21:17:17.706 | INFO     | __main__:<module>:78 - Created folder: C:\Repos\datafun-02-automation\2023
2025-09-05 21:17:17 | INFO | __main__:199 | #####################################
2025-09-05 21:17:17.707 | INFO     | __main__:main:199 - #####################################
2025-09-05 21:17:17 | INFO | __main__:200 | # Starting execution of main()
2025-09-05 21:17:17.707 | INFO     | __main__:main:200 - # Starting execution of main()
2025-09-05 21:17:17 | INFO | __main__:201 | #####################################

2025-09-05 21:17:17.708 | INFO     | __main__:main:201 - #####################################

2025-09-05 21:17:17 | INFO | __main__:204 | Byline: 
**********************************************************
Spondiferous Analytics — Project Header
**********************************************************
Author:                     Megan Chastain
Motto:                      Embrace the Unplanned.
Years Active:               5
Location:                  Columbia, Missouri
Office Locations:           ['Salem, Maine', 'Beloit, Wisconsin', 'Seattle, Washington'] (Total: 3)
Number of Employees:        25
Accepting New Clients?:     True
Remote Workshops?:          True
Services:                   ['Data Analysis', 'Machine Learning', 'Business Intelligence']
Client Satisfaction Scores: [4.8, 4.6, 4.9, 5.0, 4.7]
Minimum Satisfaction Score: 4.6
Maximum Satisfaction Score: 5.0
Mean Satisfaction Score:    4.80
     Standard Deviation:    0.16
**********************************************************

2025-09-05 21:17:17.709 | INFO     | __main__:main:204 - Byline: 
**********************************************************
Spondiferous Analytics — Project Header
**********************************************************
Author:                     Megan Chastain
Motto:                      Embrace the Unplanned.
Years Active:               5
Location:                  Columbia, Missouri
Office Locations:           ['Salem, Maine', 'Beloit, Wisconsin', 'Seattle, Washington'] (Total: 3)
Number of Employees:        25
Accepting New Clients?:     True
Remote Workshops?:          True
Services:                   ['Data Analysis', 'Machine Learning', 'Business Intelligence']
Client Satisfaction Scores: [4.8, 4.6, 4.9, 5.0, 4.7]
Minimum Satisfaction Score: 4.6
Maximum Satisfaction Score: 5.0
Mean Satisfaction Score:    4.80
     Standard Deviation:    0.16
**********************************************************

2025-09-05 21:17:17 | INFO | __main__:188 | Created folder: C:\Repos\datafun-02-automation\2020
2025-09-05 21:17:17.712 | INFO     | __main__:create_folders_for_range:188 - Created folder: C:\Repos\datafun-02-automation\2020
2025-09-05 21:17:17 | INFO | __main__:188 | Created folder: C:\Repos\datafun-02-automation\2021
2025-09-05 21:17:17.713 | INFO     | __main__:create_folders_for_range:188 - Created folder: C:\Repos\datafun-02-automation\2021
2025-09-05 21:17:17 | INFO | __main__:188 | Created folder: C:\Repos\datafun-02-automation\2022
2025-09-05 21:17:17.714 | INFO     | __main__:create_folders_for_range:188 - Created folder: C:\Repos\datafun-02-automation\2022
2025-09-05 21:17:17 | INFO | __main__:188 | Created folder: C:\Repos\datafun-02-automation\2023
2025-09-05 21:17:17.715 | INFO     | __main__:create_folders_for_range:188 - Created folder: C:\Repos\datafun-02-automation\2023
2025-09-05 21:17:17 | INFO | __main__:96 | FUNCTION: create_folders_from_list()
2025-09-05 21:17:17.715 | INFO     | __main__:create_folders_from_list:96 - FUNCTION: create_folders_from_list()
2025-09-05 21:17:17 | INFO | __main__:97 | PARAMETER: folder_list = ['data-csv', 'data-excel', 'data-json']
2025-09-05 21:17:17.716 | INFO     | __main__:create_folders_from_list:97 - PARAMETER: folder_list = ['data-csv', 'data-excel', 'data-json']
2025-09-05 21:19:02 | INFO | utils_Megan:50 | Logger loaded.
2025-09-05 21:19:02 | INFO | __main__:40 | Logger loaded.
2025-09-05 21:19:02.379 | INFO     | __main__:<module>:40 - Logger loaded.
2025-09-05 21:19:02 | INFO | __main__:78 | Created folder: C:\Repos\datafun-02-automation\2020
2025-09-05 21:19:02.379 | INFO     | __main__:<module>:78 - Created folder: C:\Repos\datafun-02-automation\2020
2025-09-05 21:19:02 | INFO | __main__:78 | Created folder: C:\Repos\datafun-02-automation\2021
2025-09-05 21:19:02.380 | INFO     | __main__:<module>:78 - Created folder: C:\Repos\datafun-02-automation\2021
2025-09-05 21:19:02 | INFO | __main__:78 | Created folder: C:\Repos\datafun-02-automation\2022
2025-09-05 21:19:02.381 | INFO     | __main__:<module>:78 - Created folder: C:\Repos\datafun-02-automation\2022
2025-09-05 21:19:02 | INFO | __main__:78 | Created folder: C:\Repos\datafun-02-automation\2023
2025-09-05 21:19:02.381 | INFO     | __main__:<module>:78 - Created folder: C:\Repos\datafun-02-automation\2023
2025-09-05 21:19:02 | INFO | __main__:199 | #####################################
2025-09-05 21:19:02.382 | INFO     | __main__:main:199 - #####################################
2025-09-05 21:19:02 | INFO | __main__:200 | # Starting execution of main()
2025-09-05 21:19:02.383 | INFO     | __main__:main:200 - # Starting execution of main()
2025-09-05 21:19:02 | INFO | __main__:201 | #####################################

2025-09-05 21:19:02.383 | INFO     | __main__:main:201 - #####################################

2025-09-05 21:19:02 | INFO | __main__:204 | Byline: 
**********************************************************
Spondiferous Analytics — Project Header
**********************************************************
Author:                     Megan Chastain
Motto:                      Embrace the Unplanned.
Years Active:               5
Location:                  Columbia, Missouri
Office Locations:           ['Salem, Maine', 'Beloit, Wisconsin', 'Seattle, Washington'] (Total: 3)
Number of Employees:        25
Accepting New Clients?:     True
Remote Workshops?:          True
Services:                   ['Data Analysis', 'Machine Learning', 'Business Intelligence']
Client Satisfaction Scores: [4.8, 4.6, 4.9, 5.0, 4.7]
Minimum Satisfaction Score: 4.6
Maximum Satisfaction Score: 5.0
Mean Satisfaction Score:    4.80
     Standard Deviation:    0.16
**********************************************************

2025-09-05 21:19:02.384 | INFO     | __main__:main:204 - Byline: 
**********************************************************
Spondiferous Analytics — Project Header
**********************************************************
Author:                     Megan Chastain
Motto:                      Embrace the Unplanned.
Years Active:               5
Location:                  Columbia, Missouri
Office Locations:           ['Salem, Maine', 'Beloit, Wisconsin', 'Seattle, Washington'] (Total: 3)
Number of Employees:        25
Accepting New Clients?:     True
Remote Workshops?:          True
Services:                   ['Data Analysis', 'Machine Learning', 'Business Intelligence']
Client Satisfaction Scores: [4.8, 4.6, 4.9, 5.0, 4.7]
Minimum Satisfaction Score: 4.6
Maximum Satisfaction Score: 5.0
Mean Satisfaction Score:    4.80
     Standard Deviation:    0.16
**********************************************************

2025-09-05 21:19:02 | INFO | __main__:188 | Created folder: C:\Repos\datafun-02-automation\2020
2025-09-05 21:19:02.387 | INFO     | __main__:create_folders_for_range:188 - Created folder: C:\Repos\datafun-02-automation\2020
2025-09-05 21:19:02 | INFO | __main__:188 | Created folder: C:\Repos\datafun-02-automation\2021
2025-09-05 21:19:02.388 | INFO     | __main__:create_folders_for_range:188 - Created folder: C:\Repos\datafun-02-automation\2021
2025-09-05 21:19:02 | INFO | __main__:188 | Created folder: C:\Repos\datafun-02-automation\2022
2025-09-05 21:19:02.388 | INFO     | __main__:create_folders_for_range:188 - Created folder: C:\Repos\datafun-02-automation\2022
2025-09-05 21:19:02 | INFO | __main__:188 | Created folder: C:\Repos\datafun-02-automation\2023
2025-09-05 21:19:02.389 | INFO     | __main__:create_folders_for_range:188 - Created folder: C:\Repos\datafun-02-automation\2023
2025-09-05 21:19:02 | INFO | __main__:96 | FUNCTION: create_folders_from_list()
2025-09-05 21:19:02.390 | INFO     | __main__:create_folders_from_list:96 - FUNCTION: create_folders_from_list()
2025-09-05 21:19:02 | INFO | __main__:97 | PARAMETER: folder_list = ['data-csv', 'data-excel', 'data-json']
2025-09-05 21:19:02.391 | INFO     | __main__:create_folders_from_list:97 - PARAMETER: folder_list = ['data-csv', 'data-excel', 'data-json']
2025-09-05 21:21:21 | INFO | utils_Megan:50 | Logger loaded.
2025-09-05 21:21:21 | INFO | __main__:40 | Logger loaded.
2025-09-05 21:21:21.223 | INFO     | __main__:<module>:40 - Logger loaded.
2025-09-05 21:21:21 | INFO | __main__:78 | Created folder: C:\Repos\datafun-02-automation\2020
2025-09-05 21:21:21.224 | INFO     | __main__:<module>:78 - Created folder: C:\Repos\datafun-02-automation\2020
2025-09-05 21:21:21 | INFO | __main__:78 | Created folder: C:\Repos\datafun-02-automation\2021
2025-09-05 21:21:21.225 | INFO     | __main__:<module>:78 - Created folder: C:\Repos\datafun-02-automation\2021
2025-09-05 21:21:21 | INFO | __main__:78 | Created folder: C:\Repos\datafun-02-automation\2022
2025-09-05 21:21:21.225 | INFO     | __main__:<module>:78 - Created folder: C:\Repos\datafun-02-automation\2022
2025-09-05 21:21:21 | INFO | __main__:78 | Created folder: C:\Repos\datafun-02-automation\2023
2025-09-05 21:21:21.226 | INFO     | __main__:<module>:78 - Created folder: C:\Repos\datafun-02-automation\2023
2025-09-05 21:21:21 | INFO | __main__:199 | #####################################
2025-09-05 21:21:21.227 | INFO     | __main__:main:199 - #####################################
2025-09-05 21:21:21 | INFO | __main__:200 | # Starting execution of main()
2025-09-05 21:21:21.228 | INFO     | __main__:main:200 - # Starting execution of main()
2025-09-05 21:21:21 | INFO | __main__:201 | #####################################

2025-09-05 21:21:21.228 | INFO     | __main__:main:201 - #####################################

2025-09-05 21:21:21 | INFO | __main__:204 | Byline: 
**********************************************************
Spondiferous Analytics — Project Header
**********************************************************
Author:                     Megan Chastain
Motto:                      Embrace the Unplanned.
Years Active:               5
Location:                  Columbia, Missouri
Office Locations:           ['Salem, Maine', 'Beloit, Wisconsin', 'Seattle, Washington'] (Total: 3)
Number of Employees:        25
Accepting New Clients?:     True
Remote Workshops?:          True
Services:                   ['Data Analysis', 'Machine Learning', 'Business Intelligence']
Client Satisfaction Scores: [4.8, 4.6, 4.9, 5.0, 4.7]
Minimum Satisfaction Score: 4.6
Maximum Satisfaction Score: 5.0
Mean Satisfaction Score:    4.80
     Standard Deviation:    0.16
**********************************************************

2025-09-05 21:21:21.229 | INFO     | __main__:main:204 - Byline: 
**********************************************************
Spondiferous Analytics — Project Header
**********************************************************
Author:                     Megan Chastain
Motto:                      Embrace the Unplanned.
Years Active:               5
Location:                  Columbia, Missouri
Office Locations:           ['Salem, Maine', 'Beloit, Wisconsin', 'Seattle, Washington'] (Total: 3)
Number of Employees:        25
Accepting New Clients?:     True
Remote Workshops?:          True
Services:                   ['Data Analysis', 'Machine Learning', 'Business Intelligence']
Client Satisfaction Scores: [4.8, 4.6, 4.9, 5.0, 4.7]
Minimum Satisfaction Score: 4.6
Maximum Satisfaction Score: 5.0
Mean Satisfaction Score:    4.80
     Standard Deviation:    0.16
**********************************************************

2025-09-05 21:21:21 | INFO | __main__:188 | Created folder: C:\Repos\datafun-02-automation\2020
2025-09-05 21:21:21.231 | INFO     | __main__:create_folders_for_range:188 - Created folder: C:\Repos\datafun-02-automation\2020
2025-09-05 21:21:21 | INFO | __main__:188 | Created folder: C:\Repos\datafun-02-automation\2021
2025-09-05 21:21:21.232 | INFO     | __main__:create_folders_for_range:188 - Created folder: C:\Repos\datafun-02-automation\2021
2025-09-05 21:21:21 | INFO | __main__:188 | Created folder: C:\Repos\datafun-02-automation\2022
2025-09-05 21:21:21.233 | INFO     | __main__:create_folders_for_range:188 - Created folder: C:\Repos\datafun-02-automation\2022
2025-09-05 21:21:21 | INFO | __main__:188 | Created folder: C:\Repos\datafun-02-automation\2023
2025-09-05 21:21:21.234 | INFO     | __main__:create_folders_for_range:188 - Created folder: C:\Repos\datafun-02-automation\2023
2025-09-05 21:21:21 | INFO | __main__:96 | FUNCTION: create_folders_from_list()
2025-09-05 21:21:21.234 | INFO     | __main__:create_folders_from_list:96 - FUNCTION: create_folders_from_list()
2025-09-05 21:21:21 | INFO | __main__:97 | PARAMETER: folder_list = ['data-csv', 'data-excel', 'data-json']
2025-09-05 21:21:21.235 | INFO     | __main__:create_folders_from_list:97 - PARAMETER: folder_list = ['data-csv', 'data-excel', 'data-json']
2025-09-05 21:25:01 | INFO | utils_Megan:50 | Logger loaded.
2025-09-05 21:25:01 | INFO | __main__:40 | Logger loaded.
2025-09-05 21:25:01.678 | INFO     | __main__:<module>:40 - Logger loaded.
2025-09-05 21:25:01 | INFO | __main__:78 | Created folder: C:\Repos\datafun-02-automation\2020
2025-09-05 21:25:01.679 | INFO     | __main__:<module>:78 - Created folder: C:\Repos\datafun-02-automation\2020
2025-09-05 21:25:01 | INFO | __main__:78 | Created folder: C:\Repos\datafun-02-automation\2021
2025-09-05 21:25:01.680 | INFO     | __main__:<module>:78 - Created folder: C:\Repos\datafun-02-automation\2021
2025-09-05 21:25:01 | INFO | __main__:78 | Created folder: C:\Repos\datafun-02-automation\2022
2025-09-05 21:25:01.680 | INFO     | __main__:<module>:78 - Created folder: C:\Repos\datafun-02-automation\2022
2025-09-05 21:25:01 | INFO | __main__:78 | Created folder: C:\Repos\datafun-02-automation\2023
2025-09-05 21:25:01.681 | INFO     | __main__:<module>:78 - Created folder: C:\Repos\datafun-02-automation\2023
2025-09-05 21:25:01 | INFO | __main__:199 | #####################################
2025-09-05 21:25:01.681 | INFO     | __main__:main:199 - #####################################
2025-09-05 21:25:01 | INFO | __main__:200 | # Starting execution of main()
2025-09-05 21:25:01.682 | INFO     | __main__:main:200 - # Starting execution of main()
2025-09-05 21:25:01 | INFO | __main__:201 | #####################################

2025-09-05 21:25:01.683 | INFO     | __main__:main:201 - #####################################

2025-09-05 21:25:01 | INFO | __main__:204 | Byline: 
**********************************************************
Spondiferous Analytics — Project Header
**********************************************************
Author:                     Megan Chastain
Motto:                      Embrace the Unplanned.
Years Active:               5
Location:                  Columbia, Missouri
Office Locations:           ['Salem, Maine', 'Beloit, Wisconsin', 'Seattle, Washington'] (Total: 3)
Number of Employees:        25
Accepting New Clients?:     True
Remote Workshops?:          True
Services:                   ['Data Analysis', 'Machine Learning', 'Business Intelligence']
Client Satisfaction Scores: [4.8, 4.6, 4.9, 5.0, 4.7]
Minimum Satisfaction Score: 4.6
Maximum Satisfaction Score: 5.0
Mean Satisfaction Score:    4.80
     Standard Deviation:    0.16
**********************************************************

2025-09-05 21:25:01.683 | INFO     | __main__:main:204 - Byline: 
**********************************************************
Spondiferous Analytics — Project Header
**********************************************************
Author:                     Megan Chastain
Motto:                      Embrace the Unplanned.
Years Active:               5
Location:                  Columbia, Missouri
Office Locations:           ['Salem, Maine', 'Beloit, Wisconsin', 'Seattle, Washington'] (Total: 3)
Number of Employees:        25
Accepting New Clients?:     True
Remote Workshops?:          True
Services:                   ['Data Analysis', 'Machine Learning', 'Business Intelligence']
Client Satisfaction Scores: [4.8, 4.6, 4.9, 5.0, 4.7]
Minimum Satisfaction Score: 4.6
Maximum Satisfaction Score: 5.0
Mean Satisfaction Score:    4.80
     Standard Deviation:    0.16
**********************************************************

2025-09-05 21:25:01 | INFO | __main__:188 | Created folder: C:\Repos\datafun-02-automation\2020
2025-09-05 21:25:01.686 | INFO     | __main__:create_folders_for_range:188 - Created folder: C:\Repos\datafun-02-automation\2020
2025-09-05 21:25:01 | INFO | __main__:188 | Created folder: C:\Repos\datafun-02-automation\2021
2025-09-05 21:25:01.687 | INFO     | __main__:create_folders_for_range:188 - Created folder: C:\Repos\datafun-02-automation\2021
2025-09-05 21:25:01 | INFO | __main__:188 | Created folder: C:\Repos\datafun-02-automation\2022
2025-09-05 21:25:01.687 | INFO     | __main__:create_folders_for_range:188 - Created folder: C:\Repos\datafun-02-automation\2022
2025-09-05 21:25:01 | INFO | __main__:188 | Created folder: C:\Repos\datafun-02-automation\2023
2025-09-05 21:25:01.688 | INFO     | __main__:create_folders_for_range:188 - Created folder: C:\Repos\datafun-02-automation\2023
2025-09-05 21:26:25 | INFO | utils_Megan:50 | Logger loaded.
2025-09-05 21:26:25 | INFO | __main__:40 | Logger loaded.
2025-09-05 21:26:25.353 | INFO     | __main__:<module>:40 - Logger loaded.
2025-09-05 21:26:25 | INFO | __main__:78 | Created folder: C:\Repos\datafun-02-automation\2020
2025-09-05 21:26:25.353 | INFO     | __main__:<module>:78 - Created folder: C:\Repos\datafun-02-automation\2020
2025-09-05 21:26:25 | INFO | __main__:78 | Created folder: C:\Repos\datafun-02-automation\2021
2025-09-05 21:26:25.354 | INFO     | __main__:<module>:78 - Created folder: C:\Repos\datafun-02-automation\2021
2025-09-05 21:26:25 | INFO | __main__:78 | Created folder: C:\Repos\datafun-02-automation\2022
2025-09-05 21:26:25.355 | INFO     | __main__:<module>:78 - Created folder: C:\Repos\datafun-02-automation\2022
2025-09-05 21:26:25 | INFO | __main__:78 | Created folder: C:\Repos\datafun-02-automation\2023
2025-09-05 21:26:25.356 | INFO     | __main__:<module>:78 - Created folder: C:\Repos\datafun-02-automation\2023
2025-09-05 21:26:25 | INFO | __main__:199 | #####################################
2025-09-05 21:26:25.356 | INFO     | __main__:main:199 - #####################################
2025-09-05 21:26:25 | INFO | __main__:200 | # Starting execution of main()
2025-09-05 21:26:25.357 | INFO     | __main__:main:200 - # Starting execution of main()
2025-09-05 21:26:25 | INFO | __main__:201 | #####################################

2025-09-05 21:26:25.357 | INFO     | __main__:main:201 - #####################################

2025-09-05 21:26:25 | INFO | __main__:204 | Byline: 
**********************************************************
Spondiferous Analytics — Project Header
**********************************************************
Author:                     Megan Chastain
Motto:                      Embrace the Unplanned.
Years Active:               5
Location:                  Columbia, Missouri
Office Locations:           ['Salem, Maine', 'Beloit, Wisconsin', 'Seattle, Washington'] (Total: 3)
Number of Employees:        25
Accepting New Clients?:     True
Remote Workshops?:          True
Services:                   ['Data Analysis', 'Machine Learning', 'Business Intelligence']
Client Satisfaction Scores: [4.8, 4.6, 4.9, 5.0, 4.7]
Minimum Satisfaction Score: 4.6
Maximum Satisfaction Score: 5.0
Mean Satisfaction Score:    4.80
     Standard Deviation:    0.16
**********************************************************

2025-09-05 21:26:25.358 | INFO     | __main__:main:204 - Byline: 
**********************************************************
Spondiferous Analytics — Project Header
**********************************************************
Author:                     Megan Chastain
Motto:                      Embrace the Unplanned.
Years Active:               5
Location:                  Columbia, Missouri
Office Locations:           ['Salem, Maine', 'Beloit, Wisconsin', 'Seattle, Washington'] (Total: 3)
Number of Employees:        25
Accepting New Clients?:     True
Remote Workshops?:          True
Services:                   ['Data Analysis', 'Machine Learning', 'Business Intelligence']
Client Satisfaction Scores: [4.8, 4.6, 4.9, 5.0, 4.7]
Minimum Satisfaction Score: 4.6
Maximum Satisfaction Score: 5.0
Mean Satisfaction Score:    4.80
     Standard Deviation:    0.16
**********************************************************

2025-09-05 21:26:25 | INFO | __main__:188 | Created folder: C:\Repos\datafun-02-automation\2020
2025-09-05 21:26:25.361 | INFO     | __main__:create_folders_for_range:188 - Created folder: C:\Repos\datafun-02-automation\2020
2025-09-05 21:26:25 | INFO | __main__:188 | Created folder: C:\Repos\datafun-02-automation\2021
2025-09-05 21:26:25.361 | INFO     | __main__:create_folders_for_range:188 - Created folder: C:\Repos\datafun-02-automation\2021
2025-09-05 21:26:25 | INFO | __main__:188 | Created folder: C:\Repos\datafun-02-automation\2022
2025-09-05 21:26:25.362 | INFO     | __main__:create_folders_for_range:188 - Created folder: C:\Repos\datafun-02-automation\2022
2025-09-05 21:26:25 | INFO | __main__:188 | Created folder: C:\Repos\datafun-02-automation\2023
2025-09-05 21:26:25.363 | INFO     | __main__:create_folders_for_range:188 - Created folder: C:\Repos\datafun-02-automation\2023
2025-09-05 21:26:25 | INFO | __main__:96 | FUNCTION: create_folders_from_list()
2025-09-05 21:26:25.364 | INFO     | __main__:create_folders_from_list:96 - FUNCTION: create_folders_from_list()
2025-09-05 21:26:25 | INFO | __main__:97 | PARAMETER: folder_list = ['data-csv', 'data-excel', 'data-json']
2025-09-05 21:26:25.364 | INFO     | __main__:create_folders_from_list:97 - PARAMETER: folder_list = ['data-csv', 'data-excel', 'data-json']
2025-09-05 21:27:53 | INFO | utils_Megan:50 | Logger loaded.
2025-09-05 21:27:53 | INFO | __main__:40 | Logger loaded.
2025-09-05 21:27:53.515 | INFO     | __main__:<module>:40 - Logger loaded.
2025-09-05 21:27:53 | INFO | __main__:78 | Created folder: C:\Repos\datafun-02-automation\2020
2025-09-05 21:27:53.516 | INFO     | __main__:<module>:78 - Created folder: C:\Repos\datafun-02-automation\2020
2025-09-05 21:27:53 | INFO | __main__:78 | Created folder: C:\Repos\datafun-02-automation\2021
2025-09-05 21:27:53.517 | INFO     | __main__:<module>:78 - Created folder: C:\Repos\datafun-02-automation\2021
2025-09-05 21:27:53 | INFO | __main__:78 | Created folder: C:\Repos\datafun-02-automation\2022
2025-09-05 21:27:53.517 | INFO     | __main__:<module>:78 - Created folder: C:\Repos\datafun-02-automation\2022
2025-09-05 21:27:53 | INFO | __main__:78 | Created folder: C:\Repos\datafun-02-automation\2023
2025-09-05 21:27:53.518 | INFO     | __main__:<module>:78 - Created folder: C:\Repos\datafun-02-automation\2023
2025-09-05 21:27:53 | INFO | __main__:199 | #####################################
2025-09-05 21:27:53.519 | INFO     | __main__:main:199 - #####################################
2025-09-05 21:27:53 | INFO | __main__:200 | # Starting execution of main()
2025-09-05 21:27:53.519 | INFO     | __main__:main:200 - # Starting execution of main()
2025-09-05 21:27:53 | INFO | __main__:201 | #####################################

2025-09-05 21:27:53.520 | INFO     | __main__:main:201 - #####################################

2025-09-05 21:27:53 | INFO | __main__:204 | Byline: 
**********************************************************
Spondiferous Analytics — Project Header
**********************************************************
Author:                     Megan Chastain
Motto:                      Embrace the Unplanned.
Years Active:               5
Location:                  Columbia, Missouri
Office Locations:           ['Salem, Maine', 'Beloit, Wisconsin', 'Seattle, Washington'] (Total: 3)
Number of Employees:        25
Accepting New Clients?:     True
Remote Workshops?:          True
Services:                   ['Data Analysis', 'Machine Learning', 'Business Intelligence']
Client Satisfaction Scores: [4.8, 4.6, 4.9, 5.0, 4.7]
Minimum Satisfaction Score: 4.6
Maximum Satisfaction Score: 5.0
Mean Satisfaction Score:    4.80
     Standard Deviation:    0.16
**********************************************************

2025-09-05 21:27:53.521 | INFO     | __main__:main:204 - Byline: 
**********************************************************
Spondiferous Analytics — Project Header
**********************************************************
Author:                     Megan Chastain
Motto:                      Embrace the Unplanned.
Years Active:               5
Location:                  Columbia, Missouri
Office Locations:           ['Salem, Maine', 'Beloit, Wisconsin', 'Seattle, Washington'] (Total: 3)
Number of Employees:        25
Accepting New Clients?:     True
Remote Workshops?:          True
Services:                   ['Data Analysis', 'Machine Learning', 'Business Intelligence']
Client Satisfaction Scores: [4.8, 4.6, 4.9, 5.0, 4.7]
Minimum Satisfaction Score: 4.6
Maximum Satisfaction Score: 5.0
Mean Satisfaction Score:    4.80
     Standard Deviation:    0.16
**********************************************************

2025-09-05 21:27:53 | INFO | __main__:188 | Created folder: C:\Repos\datafun-02-automation\2020
2025-09-05 21:27:53.523 | INFO     | __main__:create_folders_for_range:188 - Created folder: C:\Repos\datafun-02-automation\2020
2025-09-05 21:27:53 | INFO | __main__:188 | Created folder: C:\Repos\datafun-02-automation\2021
2025-09-05 21:27:53.524 | INFO     | __main__:create_folders_for_range:188 - Created folder: C:\Repos\datafun-02-automation\2021
2025-09-05 21:27:53 | INFO | __main__:188 | Created folder: C:\Repos\datafun-02-automation\2022
2025-09-05 21:27:53.525 | INFO     | __main__:create_folders_for_range:188 - Created folder: C:\Repos\datafun-02-automation\2022
2025-09-05 21:27:53 | INFO | __main__:188 | Created folder: C:\Repos\datafun-02-automation\2023
2025-09-05 21:27:53.526 | INFO     | __main__:create_folders_for_range:188 - Created folder: C:\Repos\datafun-02-automation\2023
2025-09-05 21:27:53 | INFO | __main__:96 | FUNCTION: create_folders_from_list()
2025-09-05 21:27:53.526 | INFO     | __main__:create_folders_from_list:96 - FUNCTION: create_folders_from_list()
2025-09-05 21:27:53 | INFO | __main__:97 | PARAMETER: folder_list = ['data-csv', 'data-excel', 'data-json']
2025-09-05 21:27:53.527 | INFO     | __main__:create_folders_from_list:97 - PARAMETER: folder_list = ['data-csv', 'data-excel', 'data-json']
2025-09-05 21:27:53 | INFO | __main__:101 | Created folder: C:\Repos\datafun-02-automation\data-csv
2025-09-05 21:27:53.528 | INFO     | __main__:create_folders_from_list:101 - Created folder: C:\Repos\datafun-02-automation\data-csv
2025-09-05 21:27:53 | INFO | __main__:101 | Created folder: C:\Repos\datafun-02-automation\data-excel
2025-09-05 21:27:53.528 | INFO     | __main__:create_folders_from_list:101 - Created folder: C:\Repos\datafun-02-automation\data-excel
2025-09-05 21:27:53 | INFO | __main__:101 | Created folder: C:\Repos\datafun-02-automation\data-json
2025-09-05 21:27:53.529 | INFO     | __main__:create_folders_from_list:101 - Created folder: C:\Repos\datafun-02-automation\data-json
2025-09-05 21:27:53 | INFO | __main__:122 | FUNCTION: create_prefixed_folders()
2025-09-05 21:27:53.530 | INFO     | __main__:create_prefixed_folders_using_list_comprehension:122 - FUNCTION: create_prefixed_folders()
2025-09-05 21:27:53 | INFO | __main__:123 | PARAMETERS: folder_list = ['data-csv', 'data-excel', 'data-json'], prefix = output-
2025-09-05 21:27:53.531 | INFO     | __main__:create_prefixed_folders_using_list_comprehension:123 - PARAMETERS: folder_list = ['data-csv', 'data-excel', 'data-json'], prefix = output-
2025-09-05 21:27:53 | INFO | __main__:126 | Created folder: C:\Repos\datafun-02-automation\output-data-csv
2025-09-05 21:27:53.532 | INFO     | __main__:create_prefixed_folders_using_list_comprehension:126 - Created folder: C:\Repos\datafun-02-automation\output-data-csv
2025-09-05 21:27:53 | INFO | __main__:126 | Created folder: C:\Repos\datafun-02-automation\output-data-excel
2025-09-05 21:27:53.533 | INFO     | __main__:create_prefixed_folders_using_list_comprehension:126 - Created folder: C:\Repos\datafun-02-automation\output-data-excel
2025-09-05 21:27:53 | INFO | __main__:126 | Created folder: C:\Repos\datafun-02-automation\output-data-json
2025-09-05 21:27:53.534 | INFO     | __main__:create_prefixed_folders_using_list_comprehension:126 - Created folder: C:\Repos\datafun-02-automation\output-data-json
2025-09-05 21:27:53 | INFO | __main__:145 | FUNCTION: create_folders_periodically()
2025-09-05 21:27:53.535 | INFO     | __main__:create_folders_periodically:145 - FUNCTION: create_folders_periodically()
2025-09-05 21:27:53 | INFO | __main__:146 | PARAMETER: duration_seconds = 5
2025-09-05 21:27:53.536 | INFO     | __main__:create_folders_periodically:146 - PARAMETER: duration_seconds = 5
2025-09-05 21:27:53 | INFO | __main__:155 | Created folder: C:\Repos\datafun-02-automation\folder_1
2025-09-05 21:27:53.537 | INFO     | __main__:create_folders_periodically:155 - Created folder: C:\Repos\datafun-02-automation\folder_1
2025-09-05 21:27:58 | INFO | __main__:159 | Elapsed time: 5.00 seconds
2025-09-05 21:27:58.538 | INFO     | __main__:create_folders_periodically:159 - Elapsed time: 5.00 seconds
2025-09-05 21:27:58 | INFO | __main__:181 | FUNCTION: create_standardized_folders()
2025-09-05 21:27:58.540 | INFO     | __main__:create_standardized_folders:181 - FUNCTION: create_standardized_folders()
2025-09-05 21:27:58 | INFO | __main__:182 | PARAMETERS: folder_list = ['North America', 'South America', 'Europe', 'Asia', 'Africa', 'Oceania', 'Middle East'], to_lowercase = True, remove_spaces = True
2025-09-05 21:27:58.541 | INFO     | __main__:create_standardized_folders:182 - PARAMETERS: folder_list = ['North America', 'South America', 'Europe', 'Asia', 'Africa', 'Oceania', 'Middle East'], to_lowercase = True, remove_spaces = True
2025-09-05 21:27:58 | INFO | __main__:225 | 
#####################################
2025-09-05 21:27:58.543 | INFO     | __main__:main:225 - 
#####################################
2025-09-05 21:27:58 | INFO | __main__:226 | # Completed execution of main()
2025-09-05 21:27:58.545 | INFO     | __main__:main:226 - # Completed execution of main()
2025-09-05 21:27:58 | INFO | __main__:227 | #####################################
2025-09-05 21:27:58.547 | INFO     | __main__:main:227 - #####################################
